{"C:\\Users\\react\\OneDrive\\Documents\\React-RSS-2024\\my-react-app\\src\\components\\card\\Card.tsx": {"path":"C:\\Users\\react\\OneDrive\\Documents\\React-RSS-2024\\my-react-app\\src\\components\\card\\Card.tsx","statementMap":{"0":{"start":{"line":2,"column":0},"end":{"line":2,"column":20}},"1":{"start":{"line":4,"column":99},"end":{"line":10,"column":1}},"2":{"start":{"line":5,"column":2},"end":{"line":9,"column":4}},"3":{"start":{"line":4,"column":13},"end":{"line":4,"column":99}}},"fnMap":{"0":{"name":"(anonymous_0)","decl":{"start":{"line":4,"column":99},"end":{"line":4,"column":100}},"loc":{"start":{"line":4,"column":125},"end":{"line":10,"column":1}}}},"branchMap":{},"s":{"0":1,"1":1,"2":2,"3":1},"f":{"0":2},"b":{}}
,"C:\\Users\\react\\OneDrive\\Documents\\React-RSS-2024\\my-react-app\\src\\components\\detailed-card\\DetailedCard.tsx": {"path":"C:\\Users\\react\\OneDrive\\Documents\\React-RSS-2024\\my-react-app\\src\\components\\detailed-card\\DetailedCard.tsx","statementMap":{"0":{"start":{"line":1,"column":0},"end":{"line":1,"column":51}},"1":{"start":{"line":3,"column":0},"end":{"line":3,"column":28}},"2":{"start":{"line":10,"column":57},"end":{"line":37,"column":1}},"3":{"start":{"line":11,"column":34},"end":{"line":11,"column":63}},"4":{"start":{"line":12,"column":32},"end":{"line":12,"column":46}},"5":{"start":{"line":14,"column":2},"end":{"line":27,"column":13}},"6":{"start":{"line":15,"column":4},"end":{"line":26,"column":5}},"7":{"start":{"line":16,"column":6},"end":{"line":25,"column":11}},"8":{"start":{"line":17,"column":26},"end":{"line":17,"column":41}},"9":{"start":{"line":19,"column":10},"end":{"line":19,"column":50}},"10":{"start":{"line":20,"column":10},"end":{"line":20,"column":28}},"11":{"start":{"line":23,"column":10},"end":{"line":23,"column":56}},"12":{"start":{"line":24,"column":10},"end":{"line":24,"column":28}},"13":{"start":{"line":29,"column":2},"end":{"line":36,"column":4}},"14":{"start":{"line":10,"column":13},"end":{"line":10,"column":57}}},"fnMap":{"0":{"name":"(anonymous_0)","decl":{"start":{"line":10,"column":57},"end":{"line":10,"column":58}},"loc":{"start":{"line":10,"column":79},"end":{"line":37,"column":1}}},"1":{"name":"(anonymous_1)","decl":{"start":{"line":14,"column":12},"end":{"line":14,"column":15}},"loc":{"start":{"line":14,"column":17},"end":{"line":27,"column":3}}},"2":{"name":"(anonymous_2)","decl":{"start":{"line":17,"column":14},"end":{"line":17,"column":22}},"loc":{"start":{"line":17,"column":26},"end":{"line":17,"column":41}}},"3":{"name":"(anonymous_3)","decl":{"start":{"line":18,"column":14},"end":{"line":18,"column":18}},"loc":{"start":{"line":18,"column":21},"end":{"line":21,"column":9}}},"4":{"name":"(anonymous_4)","decl":{"start":{"line":22,"column":15},"end":{"line":22,"column":20}},"loc":{"start":{"line":22,"column":23},"end":{"line":25,"column":9}}}},"branchMap":{"0":{"loc":{"start":{"line":15,"column":4},"end":{"line":26,"column":5}},"type":"if","locations":[{"start":{"line":15,"column":4},"end":{"line":26,"column":5}}]},"1":{"loc":{"start":{"line":34,"column":7},"end":{"line":34,"column":81}},"type":"cond-expr","locations":[{"start":{"line":34,"column":17},"end":{"line":34,"column":34}},{"start":{"line":34,"column":37},"end":{"line":34,"column":81}}]},"2":{"loc":{"start":{"line":34,"column":47},"end":{"line":34,"column":61}},"type":"binary-expr","locations":[{"start":{"line":34,"column":47},"end":{"line":34,"column":55}},{"start":{"line":34,"column":59},"end":{"line":34,"column":61}}]}},"s":{"0":1,"1":1,"2":1,"3":5,"4":5,"5":5,"6":3,"7":3,"8":3,"9":3,"10":3,"11":0,"12":0,"13":5,"14":1},"f":{"0":5,"1":3,"2":3,"3":3,"4":0},"b":{"0":[3],"1":[3,2],"2":[2,0]}}
,"C:\\Users\\react\\OneDrive\\Documents\\React-RSS-2024\\my-react-app\\src\\components\\pagination\\Pagination.tsx": {"path":"C:\\Users\\react\\OneDrive\\Documents\\React-RSS-2024\\my-react-app\\src\\components\\pagination\\Pagination.tsx","statementMap":{"0":{"start":{"line":4,"column":0},"end":{"line":4,"column":26}},"1":{"start":{"line":6,"column":53},"end":{"line":48,"column":1}},"2":{"start":{"line":7,"column":22},"end":{"line":7,"column":24}},"3":{"start":{"line":8,"column":23},"end":{"line":8,"column":24}},"4":{"start":{"line":10,"column":18},"end":{"line":10,"column":73}},"5":{"start":{"line":11,"column":16},"end":{"line":11,"column":66}},"6":{"start":{"line":13,"column":2},"end":{"line":15,"column":3}},"7":{"start":{"line":14,"column":4},"end":{"line":14,"column":56}},"8":{"start":{"line":17,"column":2},"end":{"line":19,"column":3}},"9":{"start":{"line":17,"column":15},"end":{"line":17,"column":24}},"10":{"start":{"line":18,"column":4},"end":{"line":18,"column":24}},"11":{"start":{"line":21,"column":2},"end":{"line":47,"column":4}},"12":{"start":{"line":25,"column":23},"end":{"line":25,"column":52}},"13":{"start":{"line":31,"column":8},"end":{"line":32,"column":null}},"14":{"start":{"line":34,"column":25},"end":{"line":34,"column":45}},"15":{"start":{"line":41,"column":23},"end":{"line":41,"column":52}},"16":{"start":{"line":6,"column":13},"end":{"line":6,"column":53}}},"fnMap":{"0":{"name":"(anonymous_0)","decl":{"start":{"line":6,"column":53},"end":{"line":6,"column":54}},"loc":{"start":{"line":6,"column":99},"end":{"line":48,"column":1}}},"1":{"name":"(anonymous_1)","decl":{"start":{"line":25,"column":17},"end":{"line":25,"column":20}},"loc":{"start":{"line":25,"column":23},"end":{"line":25,"column":52}}},"2":{"name":"(anonymous_2)","decl":{"start":{"line":30,"column":23},"end":{"line":30,"column":29}},"loc":{"start":{"line":31,"column":8},"end":{"line":32,"column":null}}},"3":{"name":"(anonymous_3)","decl":{"start":{"line":34,"column":19},"end":{"line":34,"column":22}},"loc":{"start":{"line":34,"column":25},"end":{"line":34,"column":45}}},"4":{"name":"(anonymous_4)","decl":{"start":{"line":41,"column":17},"end":{"line":41,"column":20}},"loc":{"start":{"line":41,"column":23},"end":{"line":41,"column":52}}}},"branchMap":{"0":{"loc":{"start":{"line":13,"column":2},"end":{"line":15,"column":3}},"type":"if","locations":[{"start":{"line":13,"column":2},"end":{"line":15,"column":3}}]},"1":{"loc":{"start":{"line":33,"column":42},"end":{"line":33,"column":80}},"type":"cond-expr","locations":[{"start":{"line":33,"column":67},"end":{"line":33,"column":75}},{"start":{"line":33,"column":78},"end":{"line":33,"column":80}}]}},"s":{"0":1,"1":1,"2":1,"3":1,"4":1,"5":1,"6":1,"7":0,"8":1,"9":1,"10":5,"11":1,"12":0,"13":5,"14":1,"15":0,"16":1},"f":{"0":1,"1":0,"2":5,"3":1,"4":0},"b":{"0":[0],"1":[1,4]}}
,"C:\\Users\\react\\OneDrive\\Documents\\React-RSS-2024\\my-react-app\\src\\components\\search\\Search.tsx": {"path":"C:\\Users\\react\\OneDrive\\Documents\\React-RSS-2024\\my-react-app\\src\\components\\search\\Search.tsx","statementMap":{"0":{"start":{"line":1,"column":0},"end":{"line":1,"column":26}},"1":{"start":{"line":3,"column":0},"end":{"line":3,"column":22}},"2":{"start":{"line":5,"column":45},"end":{"line":29,"column":1}},"3":{"start":{"line":6,"column":38},"end":{"line":6,"column":94}},"4":{"start":{"line":8,"column":28},"end":{"line":10,"column":3}},"5":{"start":{"line":9,"column":4},"end":{"line":9,"column":38}},"6":{"start":{"line":12,"column":28},"end":{"line":16,"column":3}},"7":{"start":{"line":13,"column":24},"end":{"line":13,"column":41}},"8":{"start":{"line":14,"column":4},"end":{"line":14,"column":52}},"9":{"start":{"line":15,"column":4},"end":{"line":15,"column":26}},"10":{"start":{"line":18,"column":2},"end":{"line":28,"column":4}},"11":{"start":{"line":5,"column":13},"end":{"line":5,"column":45}}},"fnMap":{"0":{"name":"(anonymous_1)","decl":{"start":{"line":5,"column":45},"end":{"line":5,"column":46}},"loc":{"start":{"line":5,"column":76},"end":{"line":29,"column":1}}},"1":{"name":"(anonymous_2)","decl":{"start":{"line":8,"column":28},"end":{"line":8,"column":29}},"loc":{"start":{"line":8,"column":75},"end":{"line":10,"column":3}}},"2":{"name":"(anonymous_3)","decl":{"start":{"line":12,"column":28},"end":{"line":12,"column":31}},"loc":{"start":{"line":12,"column":33},"end":{"line":16,"column":3}}}},"branchMap":{"0":{"loc":{"start":{"line":6,"column":53},"end":{"line":6,"column":93}},"type":"binary-expr","locations":[{"start":{"line":6,"column":53},"end":{"line":6,"column":87}},{"start":{"line":6,"column":91},"end":{"line":6,"column":93}}]}},"s":{"0":1,"1":1,"2":1,"3":3,"4":3,"5":1,"6":3,"7":1,"8":1,"9":1,"10":3,"11":1},"f":{"0":3,"1":1,"2":1},"b":{"0":[3,2]}}
}
