TN:
SF:app\entry.client.tsx
FN:1,(empty-report)
FNF:1
FNH:0
FNDA:0,(empty-report)
DA:1,0
DA:7,0
DA:8,0
DA:9,0
DA:11,0
DA:12,0
DA:13,0
DA:14,0
DA:15,0
DA:16,0
DA:17,0
DA:18,0
LF:12
LH:0
BRDA:1,0,0,0
BRF:1
BRH:0
end_of_record
TN:
SF:app\entry.server.tsx
FN:1,(empty-report)
FNF:1
FNH:0
FNDA:0,(empty-report)
DA:1,0
DA:7,0
DA:10,0
DA:11,0
DA:12,0
DA:13,0
DA:15,0
DA:17,0
DA:18,0
DA:19,0
DA:20,0
DA:21,0
DA:25,0
DA:26,0
DA:27,0
DA:28,0
DA:29,0
DA:30,0
DA:31,0
DA:32,0
DA:33,0
DA:34,0
DA:35,0
DA:36,0
DA:37,0
DA:38,0
DA:39,0
DA:40,0
DA:42,0
DA:43,0
DA:44,0
DA:45,0
DA:46,0
DA:47,0
DA:48,0
DA:49,0
DA:50,0
DA:51,0
DA:52,0
DA:53,0
DA:54,0
DA:55,0
DA:56,0
DA:57,0
DA:58,0
DA:59,0
DA:60,0
DA:62,0
DA:64,0
DA:65,0
DA:66,0
DA:67,0
DA:68,0
DA:69,0
DA:71,0
DA:72,0
DA:73,0
DA:74,0
DA:75,0
DA:76,0
DA:77,0
DA:81,0
DA:82,0
DA:83,0
DA:84,0
DA:85,0
DA:86,0
DA:88,0
DA:89,0
DA:90,0
DA:92,0
DA:93,0
DA:94,0
DA:95,0
DA:96,0
DA:97,0
DA:98,0
DA:99,0
DA:100,0
DA:101,0
DA:102,0
DA:103,0
DA:104,0
DA:105,0
DA:106,0
DA:107,0
DA:108,0
DA:109,0
DA:110,0
DA:112,0
DA:114,0
DA:115,0
DA:116,0
DA:117,0
DA:118,0
DA:119,0
DA:121,0
DA:122,0
DA:123,0
DA:124,0
DA:125,0
DA:126,0
DA:127,0
DA:131,0
DA:132,0
DA:133,0
DA:134,0
DA:135,0
DA:136,0
DA:138,0
DA:139,0
DA:140,0
LF:112
LH:0
BRDA:1,0,0,0
BRF:1
BRH:0
end_of_record
TN:
SF:app\root.tsx
FN:7,App
FNF:1
FNH:1
FNDA:3,App
DA:1,1
DA:2,1
DA:3,1
DA:4,1
DA:5,1
DA:7,3
DA:8,3
DA:9,3
DA:10,3
DA:11,3
DA:12,3
DA:13,3
DA:14,3
DA:15,3
DA:16,3
DA:17,3
DA:18,3
DA:19,3
DA:20,3
DA:21,3
DA:22,3
DA:23,3
DA:24,3
DA:25,3
DA:27,3
LF:25
LH:25
BRDA:7,0,0,3
BRF:1
BRH:1
end_of_record
TN:
SF:app\store.ts
FN:14,middleware
FNF:1
FNH:1
FNDA:4,middleware
DA:1,1
DA:2,1
DA:3,1
DA:4,1
DA:5,1
DA:8,1
DA:9,1
DA:10,1
DA:11,1
DA:12,1
DA:13,1
DA:14,1
DA:15,4
DA:16,1
DA:18,1
LF:15
LH:15
BRDA:14,0,0,4
BRF:1
BRH:1
end_of_record
TN:
SF:app\types.ts
FN:1,(empty-report)
FNF:1
FNH:1
FNDA:1,(empty-report)
LF:0
LH:0
BRDA:1,0,0,1
BRF:1
BRH:1
end_of_record
TN:
SF:app\components\card\Card.tsx
FN:6,Card
FNF:1
FNH:1
FNDA:1,Card
DA:1,1
DA:4,1
DA:6,1
DA:7,1
DA:8,1
DA:9,1
DA:10,1
DA:12,1
LF:8
LH:8
BRDA:6,0,0,1
BRF:1
BRH:1
end_of_record
TN:
SF:app\components\card-list\CardList.tsx
FN:15,CardList
FN:19,handleCheckboxChange
FN:35,onChange
FN:37,onClick
FN:41,onClick
FNF:5
FNH:5
FNDA:13,CardList
FNDA:5,handleCheckboxChange
FNDA:5,onChange
FNDA:1,onClick
FNDA:1,onClick
DA:1,1
DA:4,1
DA:6,1
DA:8,1
DA:15,1
DA:16,13
DA:17,13
DA:19,13
DA:20,5
DA:21,1
DA:22,5
DA:23,4
DA:24,4
DA:25,5
DA:27,13
DA:28,13
DA:29,13
DA:30,20
DA:31,20
DA:32,20
DA:33,20
DA:34,20
DA:35,20
DA:36,20
DA:37,20
DA:38,20
DA:39,20
DA:40,13
DA:41,13
DA:42,13
DA:44,13
LF:31
LH:31
BRDA:15,0,0,13
BRDA:17,1,0,26
BRDA:19,2,0,5
BRDA:20,3,0,1
BRDA:22,4,0,4
BRDA:20,5,0,2
BRDA:29,6,0,20
BRDA:34,7,0,9
BRDA:35,8,0,5
BRDA:37,9,0,1
BRDA:41,10,0,1
BRF:11
BRH:11
end_of_record
TN:
SF:app\components\detailed-card\DetailedCard.tsx
FN:13,DetailedCard
FNF:1
FNH:1
FNDA:3,DetailedCard
DA:1,1
DA:5,1
DA:6,1
DA:13,1
DA:14,3
DA:16,3
DA:17,3
DA:18,3
DA:19,3
DA:20,3
DA:21,3
DA:22,0
DA:23,3
DA:24,2
DA:26,1
DA:28,3
DA:30,3
LF:17
LH:16
BRDA:13,0,0,3
BRDA:21,1,0,0
BRDA:23,2,0,2
BRDA:24,3,0,1
BRDA:26,4,0,0
BRF:5
BRH:3
end_of_record
TN:
SF:app\components\error-boundary\ErrorBoundary.tsx
FN:5,ErrorBoundary
FN:10,getDerivedStateFromError
FN:14,componentDidCatch
FN:18,render
FNF:4
FNH:2
FNDA:4,ErrorBoundary
FNDA:0,getDerivedStateFromError
FNDA:0,componentDidCatch
FNDA:8,render
DA:1,1
DA:4,1
DA:5,1
DA:6,4
DA:7,4
DA:8,4
DA:10,1
DA:11,0
DA:12,0
DA:14,1
DA:15,0
DA:16,0
DA:18,1
DA:19,8
DA:20,0
DA:21,0
DA:23,8
DA:24,8
DA:25,1
LF:19
LH:13
BRDA:5,0,0,4
BRDA:18,1,0,8
BRDA:19,2,0,0
BRF:3
BRH:2
end_of_record
TN:
SF:app\components\pagination\Pagination.tsx
FN:7,Pagination
FN:27,onClick
FN:36,onClick
FN:43,onClick
FNF:4
FNH:4
FNDA:12,Pagination
FNDA:1,onClick
FNDA:1,onClick
FNDA:1,onClick
DA:1,1
DA:5,1
DA:7,1
DA:9,12
DA:10,12
DA:12,12
DA:13,12
DA:15,12
DA:16,8
DA:17,8
DA:19,12
DA:20,32
DA:21,32
DA:23,12
DA:24,12
DA:25,12
DA:26,12
DA:27,12
DA:28,12
DA:29,12
DA:31,12
DA:32,12
DA:33,32
DA:34,32
DA:35,32
DA:36,32
DA:38,32
DA:39,32
DA:40,12
DA:41,12
DA:42,12
DA:43,12
DA:44,12
DA:45,12
DA:47,12
DA:48,12
DA:50,12
LF:37
LH:37
BRDA:7,0,0,12
BRDA:15,1,0,8
BRDA:19,2,0,32
BRDA:27,3,0,1
BRDA:32,4,0,32
BRDA:35,5,0,12
BRDA:35,6,0,20
BRDA:36,7,0,1
BRDA:43,8,0,1
BRF:9
BRH:9
end_of_record
TN:
SF:app\components\search\Search.tsx
FN:8,Search
FN:12,handleInputChange
FN:17,handleSearchClick
FN:30,handleKeyDown
FNF:4
FNH:4
FNDA:16,Search
FNDA:3,handleInputChange
FNDA:3,handleSearchClick
FNDA:1,handleKeyDown
DA:1,1
DA:3,1
DA:5,1
DA:6,1
DA:8,1
DA:9,16
DA:10,16
DA:12,16
DA:13,3
DA:14,3
DA:15,3
DA:17,16
DA:18,3
DA:19,3
DA:20,2
DA:21,2
DA:22,2
DA:23,2
DA:24,2
DA:25,3
DA:26,1
DA:27,1
DA:28,3
DA:30,16
DA:31,1
DA:32,1
DA:33,1
DA:34,1
DA:36,16
DA:37,16
DA:38,16
DA:39,16
DA:40,16
DA:41,16
DA:42,16
DA:43,16
DA:44,16
DA:45,16
DA:46,16
DA:47,16
DA:49,16
LF:41
LH:41
BRDA:8,0,0,16
BRDA:12,1,0,3
BRDA:17,2,0,3
BRDA:19,3,0,2
BRDA:25,4,0,1
BRDA:30,5,0,1
BRF:6
BRH:6
end_of_record
TN:
SF:app\components\services\pokemon.ts
FN:7,endpoints
FN:9,query
FNF:2
FNH:2
FNDA:5,endpoints
FNDA:1,query
DA:1,1
DA:4,1
DA:5,1
DA:6,1
DA:7,1
DA:8,5
DA:9,5
DA:10,5
DA:11,5
DA:12,1
DA:14,1
LF:11
LH:11
BRDA:7,0,0,5
BRDA:9,1,0,1
BRF:2
BRH:2
end_of_record
TN:
SF:app\components\test\Card.test.tsx
FNF:0
FNH:0
DA:1,1
DA:2,1
DA:3,1
DA:4,1
DA:6,1
DA:7,1
DA:8,1
DA:10,1
DA:12,1
DA:13,1
DA:14,1
DA:15,1
LF:12
LH:12
BRDA:6,0,0,1
BRDA:7,1,0,1
BRF:2
BRH:2
end_of_record
TN:
SF:app\components\test\CardList.test.tsx
FN:15,renderWithProvider
FNF:1
FNH:1
FNDA:4,renderWithProvider
DA:1,1
DA:2,1
DA:3,1
DA:4,1
DA:5,1
DA:6,1
DA:7,1
DA:10,1
DA:11,1
DA:12,1
DA:13,1
DA:15,1
DA:16,4
DA:17,4
DA:18,4
DA:20,1
DA:21,1
DA:22,1
DA:23,1
DA:24,1
DA:25,1
DA:27,1
DA:28,1
DA:29,1
DA:30,1
DA:31,1
DA:32,1
DA:33,1
DA:34,1
DA:36,1
DA:37,1
DA:38,1
DA:39,1
DA:40,1
DA:41,1
DA:43,1
DA:44,1
DA:45,1
DA:46,1
DA:48,1
DA:49,1
DA:51,1
DA:52,1
DA:54,1
DA:55,1
DA:57,1
DA:58,1
DA:59,1
DA:60,1
LF:49
LH:49
BRDA:15,0,0,4
BRDA:20,1,0,1
BRDA:21,2,0,1
BRDA:27,3,0,1
BRDA:36,4,0,1
BRDA:43,5,0,1
BRF:6
BRH:6
end_of_record
TN:
SF:app\components\test\CurrentPageSlice.test.tsx
FNF:0
FNH:0
DA:1,1
DA:2,1
DA:5,1
DA:6,1
DA:7,1
DA:8,1
DA:9,1
DA:11,1
DA:12,1
DA:13,1
DA:14,1
DA:15,1
DA:16,1
DA:18,1
DA:19,1
DA:21,1
DA:22,1
DA:23,1
DA:24,1
DA:25,1
DA:27,1
DA:29,1
DA:30,1
DA:31,1
DA:32,1
DA:34,1
DA:35,1
DA:36,1
LF:28
LH:28
BRDA:11,0,0,1
BRDA:12,1,0,1
BRDA:21,2,0,1
BRF:3
BRH:3
end_of_record
TN:
SF:app\components\test\DetailedCard.test.tsx
FNF:0
FNH:0
DA:1,1
DA:2,1
DA:3,1
DA:4,1
DA:6,1
DA:8,1
DA:9,1
DA:10,1
DA:11,1
DA:12,1
DA:13,1
DA:14,1
DA:16,1
DA:17,1
DA:18,1
DA:19,1
DA:20,1
DA:21,1
DA:22,1
DA:24,1
DA:26,1
DA:28,1
DA:29,1
DA:30,1
DA:31,1
DA:33,1
DA:34,1
DA:35,1
DA:36,1
DA:37,1
DA:38,1
DA:40,1
DA:42,1
DA:44,1
DA:45,1
DA:46,1
DA:48,1
DA:49,1
DA:51,1
DA:53,1
DA:54,1
DA:56,1
DA:57,1
DA:58,1
LF:44
LH:44
BRDA:16,0,0,1
BRDA:17,1,0,1
BRDA:33,2,0,1
BRDA:48,3,0,1
BRF:4
BRH:4
end_of_record
TN:
SF:app\components\test\ErrorBoundary.test.tsx
FNF:0
FNH:0
DA:1,1
DA:2,1
DA:3,1
DA:5,1
DA:6,1
DA:7,1
DA:8,1
DA:9,1
DA:10,1
DA:11,1
DA:12,1
DA:13,1
DA:15,1
LF:13
LH:13
BRDA:5,0,0,1
BRDA:6,1,0,1
BRF:2
BRH:2
end_of_record
TN:
SF:app\components\test\HomePage.test.tsx
FNF:0
FNH:0
DA:1,1
DA:2,1
DA:3,1
DA:4,1
DA:5,1
DA:6,1
DA:7,1
DA:31,1
DA:32,1
DA:33,1
DA:34,1
DA:35,1
DA:36,1
DA:37,1
DA:38,1
DA:39,1
DA:41,1
DA:42,1
DA:43,1
DA:45,1
DA:46,1
DA:47,1
DA:48,1
DA:49,1
DA:50,1
DA:51,1
DA:52,1
DA:54,1
DA:55,1
DA:57,1
DA:58,1
DA:59,1
DA:61,1
DA:62,1
DA:63,1
DA:64,1
DA:65,1
DA:66,1
DA:67,1
DA:68,1
DA:70,1
DA:71,1
DA:72,1
DA:73,1
LF:44
LH:44
BRDA:31,0,0,1
BRDA:32,1,0,1
BRDA:45,2,0,1
BRDA:61,3,0,1
BRF:4
BRH:4
end_of_record
TN:
SF:app\components\test\Pagination.test.tsx
FN:8,setup
FNF:1
FNH:1
FNDA:5,setup
DA:1,1
DA:2,1
DA:3,1
DA:4,1
DA:7,1
DA:8,1
DA:9,5
DA:10,5
DA:11,5
DA:12,5
DA:13,5
DA:14,5
DA:15,5
DA:16,5
DA:18,1
DA:19,1
DA:20,1
DA:21,1
DA:22,1
DA:23,1
DA:24,1
DA:25,1
DA:27,1
DA:28,1
DA:29,1
DA:30,1
DA:32,1
DA:33,1
DA:34,1
DA:35,1
DA:37,1
DA:38,1
DA:39,1
DA:41,1
DA:42,1
DA:43,1
DA:45,1
DA:46,1
DA:47,1
DA:49,1
DA:50,1
DA:52,1
DA:53,1
DA:54,1
DA:55,1
LF:45
LH:45
BRDA:7,0,0,1
BRDA:8,1,0,5
BRDA:18,2,0,1
BRDA:27,3,0,1
BRDA:32,4,0,1
BRDA:37,5,0,1
BRDA:45,6,0,1
BRF:7
BRH:7
end_of_record
TN:
SF:app\components\test\PokemonApi.test.tsx
FN:10,__vite_ssr_import_2__.renderHook.wrapper.children.children
FN:12,wrapper
FNF:2
FNH:2
FNDA:3,__vite_ssr_import_2__.renderHook.wrapper.children.children
FNDA:1,wrapper
DA:1,1
DA:2,1
DA:3,1
DA:4,1
DA:5,1
DA:7,1
DA:8,1
DA:9,1
DA:10,1
DA:11,1
DA:12,1
DA:13,1
DA:14,1
DA:16,1
DA:18,1
DA:19,1
DA:20,1
DA:21,1
LF:18
LH:18
BRDA:7,0,0,1
BRDA:8,1,0,1
BRDA:10,2,0,3
BRDA:12,3,0,1
BRF:4
BRH:4
end_of_record
TN:
SF:app\components\test\ReduxHooks.test.tsx
FN:9,__vite_ssr_import_1__.renderHook.wrapper.children.children
FN:14,wrapper
FNF:2
FNH:2
FNDA:1,__vite_ssr_import_1__.renderHook.wrapper.children.children
FNDA:1,wrapper
DA:1,1
DA:2,1
DA:3,1
DA:4,1
DA:5,1
DA:7,1
DA:8,1
DA:9,1
DA:10,1
DA:11,1
DA:12,1
DA:13,1
DA:14,1
DA:15,1
DA:17,1
DA:18,1
DA:19,1
DA:20,1
LF:18
LH:18
BRDA:7,0,0,1
BRDA:8,1,0,1
BRDA:9,2,0,1
BRDA:11,3,0,2
BRDA:14,4,0,1
BRF:5
BRH:5
end_of_record
TN:
SF:app\components\test\Root.test.tsx
FNF:0
FNH:0
DA:1,1
DA:2,1
DA:3,1
DA:4,1
DA:7,1
DA:14,1
DA:15,1
DA:16,1
DA:19,1
DA:22,1
DA:25,1
DA:28,1
DA:31,1
DA:32,1
DA:34,1
DA:35,1
DA:38,1
DA:39,1
DA:40,1
LF:19
LH:19
BRDA:14,0,0,1
BRDA:15,1,0,1
BRDA:34,2,0,1
BRF:3
BRH:3
end_of_record
TN:
SF:app\components\test\Search.test.tsx
FNF:0
FNH:0
DA:1,1
DA:2,1
DA:3,1
DA:4,1
DA:5,1
DA:9,1
DA:10,1
DA:11,1
DA:12,1
DA:13,1
DA:15,1
DA:16,6
DA:17,1
DA:19,1
DA:20,1
DA:22,1
DA:23,1
DA:24,1
DA:25,1
DA:27,1
DA:28,1
DA:30,1
DA:31,1
DA:33,1
DA:34,1
DA:36,1
DA:37,1
DA:39,1
DA:40,1
DA:42,1
DA:43,1
DA:45,1
DA:46,1
DA:47,1
DA:49,1
DA:50,1
DA:52,1
DA:53,1
DA:55,1
DA:56,1
DA:58,1
DA:59,1
DA:61,1
DA:62,1
DA:63,1
DA:65,1
DA:66,1
DA:67,1
DA:69,1
DA:70,1
DA:72,1
DA:73,1
DA:75,1
DA:76,1
DA:77,1
LF:55
LH:55
BRDA:9,0,0,1
BRDA:15,1,0,6
BRDA:19,2,0,1
BRDA:27,3,0,1
BRDA:36,4,0,1
BRDA:49,5,0,1
BRDA:58,6,0,1
BRDA:69,7,0,1
BRF:8
BRH:8
end_of_record
TN:
SF:app\components\test\ThemeProvider.test.tsx
FN:6,TestComponent
FN:12,onClick
FNF:2
FNH:2
FNDA:3,TestComponent
FNDA:1,onClick
DA:1,1
DA:2,1
DA:3,1
DA:4,1
DA:6,1
DA:7,3
DA:9,3
DA:10,3
DA:11,3
DA:12,3
DA:13,3
DA:15,3
DA:17,1
DA:18,1
DA:19,1
DA:20,1
DA:21,1
DA:22,1
DA:23,1
DA:25,1
DA:26,1
DA:28,1
DA:29,1
DA:30,1
DA:31,1
DA:32,1
DA:33,1
DA:35,1
DA:36,1
DA:37,1
DA:39,1
DA:40,1
DA:41,1
LF:33
LH:33
BRDA:6,0,0,3
BRDA:12,1,0,1
BRDA:17,2,0,1
BRDA:18,3,0,1
BRDA:28,4,0,1
BRDA:35,5,0,1
BRF:6
BRH:6
end_of_record
TN:
SF:app\components\test\UseFetchData.test.tsx
FN:10,mockFetch
FN:13,json
FN:16,json
FN:21,json
FN:27,mockFetchFailure
FNF:5
FNH:5
FNDA:1,mockFetch
FNDA:1,json
FNDA:1,json
FNDA:1,json
FNDA:2,mockFetchFailure
DA:1,1
DA:2,1
DA:3,1
DA:10,1
DA:11,1
DA:12,1
DA:13,1
DA:14,1
DA:15,1
DA:16,1
DA:17,1
DA:18,1
DA:19,1
DA:20,1
DA:21,1
DA:22,1
DA:23,1
DA:24,1
DA:25,1
DA:27,1
DA:28,2
DA:29,4
DA:30,2
DA:31,2
DA:33,1
DA:34,1
DA:35,4
DA:36,1
DA:38,1
DA:39,1
DA:41,1
DA:43,1
DA:44,1
DA:45,1
DA:47,1
DA:49,1
DA:50,1
DA:51,1
DA:52,1
DA:53,1
DA:55,1
DA:56,1
DA:58,1
DA:60,1
DA:61,1
DA:62,1
DA:64,1
DA:66,1
DA:67,1
DA:68,1
DA:69,1
DA:70,1
DA:72,1
DA:73,1
DA:74,1
DA:75,1
DA:76,1
DA:77,1
DA:78,1
DA:79,1
DA:81,1
DA:83,1
DA:84,1
DA:85,1
DA:87,1
DA:89,1
DA:90,1
DA:91,1
DA:93,1
DA:94,1
DA:96,1
DA:97,1
DA:98,1
DA:99,1
DA:100,1
LF:75
LH:75
BRDA:10,0,0,1
BRDA:12,1,0,1
BRDA:13,2,0,1
BRDA:15,3,0,1
BRDA:16,4,0,1
BRDA:20,5,0,1
BRDA:21,6,0,1
BRDA:27,7,0,2
BRDA:28,8,0,4
BRDA:33,9,0,1
BRDA:34,10,0,4
BRDA:38,11,0,1
BRDA:41,12,0,6
BRDA:43,13,0,1
BRDA:55,14,0,1
BRDA:58,15,0,6
BRDA:60,16,0,1
BRDA:72,17,0,1
BRDA:81,18,0,9
BRDA:83,19,0,1
BRDA:93,20,0,1
BRDA:94,21,0,4
BRDA:96,22,0,1
BRF:23
BRH:23
end_of_record
TN:
SF:app\components\test\UseSearchTerm.test.tsx
FNF:0
FNH:0
DA:1,1
DA:2,1
DA:4,1
DA:5,1
DA:7,1
DA:8,4
DA:9,1
DA:11,1
DA:12,1
DA:13,1
DA:15,1
DA:17,1
DA:18,1
DA:20,1
DA:21,1
DA:23,1
DA:24,1
DA:25,1
DA:27,1
DA:28,1
DA:30,1
DA:31,1
DA:33,1
DA:34,1
DA:35,1
DA:36,1
DA:38,1
DA:39,1
DA:40,1
DA:42,1
DA:43,1
DA:45,1
DA:46,1
DA:47,1
DA:49,1
DA:50,1
DA:51,1
DA:53,1
DA:54,1
DA:55,1
DA:56,1
LF:41
LH:41
BRDA:4,0,0,1
BRDA:7,1,0,4
BRDA:11,2,0,1
BRDA:15,3,0,1
BRDA:20,4,0,1
BRDA:21,5,0,2
BRDA:23,6,0,1
BRDA:30,7,0,1
BRDA:31,8,0,2
BRDA:33,9,0,1
BRDA:42,10,0,1
BRDA:43,11,0,3
BRDA:45,12,0,1
BRDA:49,13,0,1
BRF:14
BRH:14
end_of_record
TN:
SF:app\components\test\lint-staged.config.test.ts
FNF:0
FNH:0
DA:1,1
DA:3,1
DA:4,1
DA:5,1
DA:6,1
DA:7,1
LF:6
LH:6
BRDA:3,0,0,1
BRDA:4,1,0,1
BRF:2
BRH:2
end_of_record
TN:
SF:app\components\test\useTheme.test.tsx
FN:13,wrapper
FN:17,__vite_ssr_import_1__.renderHook.wrapper.wrapper
FNF:2
FNH:2
FNDA:1,wrapper
FNDA:2,__vite_ssr_import_1__.renderHook.wrapper.wrapper
DA:1,1
DA:2,1
DA:3,1
DA:5,1
DA:6,1
DA:7,1
DA:9,1
DA:10,1
DA:12,1
DA:13,1
DA:14,1
DA:17,1
DA:19,1
DA:20,1
DA:21,1
DA:22,1
DA:23,1
LF:17
LH:17
BRDA:5,0,0,1
BRDA:6,1,0,1
BRDA:7,2,0,2
BRDA:12,3,0,1
BRDA:13,4,0,1
BRDA:17,5,0,2
BRF:6
BRH:6
end_of_record
TN:
SF:app\contexts\ThemeContext.tsx
FN:14,ThemeProvider
FN:24,useTheme
FNF:2
FNH:2
FNDA:11,ThemeProvider
FNDA:18,useTheme
DA:1,1
DA:3,1
DA:12,1
DA:14,1
DA:15,11
DA:17,11
DA:18,11
DA:19,11
DA:20,11
DA:22,11
DA:24,1
DA:25,18
DA:26,18
DA:27,2
DA:28,2
DA:29,16
DA:30,16
LF:17
LH:17
BRDA:14,0,0,11
BRDA:24,1,0,18
BRDA:26,2,0,16
BRDA:26,3,0,2
BRF:4
BRH:4
end_of_record
TN:
SF:app\home\HomePage.tsx
FN:20,HomePage
FN:45,handleCardClick
FN:49,handleSearchChange
FN:64,handlePageChangeWithSearch
FN:70,handleUnselectAll
FN:74,handleDownload
FN:85,handleThemeChange
FN:110,onClose
FNF:8
FNH:2
FNDA:11,HomePage
FNDA:0,handleCardClick
FNDA:0,handleSearchChange
FNDA:0,handlePageChangeWithSearch
FNDA:0,handleUnselectAll
FNDA:0,handleDownload
FNDA:1,handleThemeChange
FNDA:0,onClose
DA:1,1
DA:3,1
DA:4,1
DA:5,1
DA:6,1
DA:7,1
DA:8,1
DA:9,1
DA:10,1
DA:11,1
DA:12,1
DA:14,1
DA:16,1
DA:17,1
DA:18,1
DA:20,1
DA:21,11
DA:22,11
DA:23,11
DA:24,11
DA:25,11
DA:26,11
DA:27,11
DA:28,11
DA:30,11
DA:31,7
DA:32,7
DA:33,0
DA:34,7
DA:35,7
DA:36,7
DA:37,11
DA:39,11
DA:40,3
DA:41,0
DA:42,0
DA:43,11
DA:45,11
DA:46,0
DA:47,0
DA:49,11
DA:50,0
DA:51,0
DA:52,0
DA:53,0
DA:54,0
DA:55,0
DA:56,0
DA:57,0
DA:58,0
DA:59,0
DA:60,0
DA:61,0
DA:62,0
DA:64,11
DA:65,0
DA:66,0
DA:67,0
DA:68,0
DA:70,11
DA:71,0
DA:72,0
DA:74,11
DA:75,0
DA:76,0
DA:77,0
DA:78,0
DA:79,0
DA:80,0
DA:81,0
DA:82,0
DA:83,0
DA:85,11
DA:86,1
DA:87,1
DA:88,1
DA:89,1
DA:91,11
DA:92,11
DA:93,11
DA:94,11
DA:95,11
DA:97,11
DA:98,11
DA:99,11
DA:100,11
DA:101,11
DA:102,11
DA:103,11
DA:104,11
DA:105,11
DA:106,11
DA:107,11
DA:108,11
DA:109,11
DA:110,11
DA:111,11
DA:112,11
DA:113,11
DA:114,11
DA:115,0
DA:116,0
DA:117,0
DA:118,0
DA:119,0
DA:121,11
DA:122,11
DA:124,11
DA:126,1
LF:109
LH:71
BRDA:20,0,0,11
BRDA:95,1,0,9
BRDA:95,2,0,2
BRDA:109,3,0,8
BRDA:109,4,0,3
BRDA:110,5,0,0
BRDA:114,6,0,0
BRDA:27,7,0,14
BRDA:30,8,0,7
BRDA:31,9,0,0
BRDA:32,10,0,0
BRDA:39,11,0,3
BRDA:40,12,0,0
BRDA:85,13,0,1
BRF:14
BRH:9
end_of_record
TN:
SF:app\hooks\reduxHooks.ts
FN:4,useAppDispatch
FNF:1
FNH:1
FNDA:1,useAppDispatch
DA:1,1
DA:4,1
DA:5,1
LF:3
LH:3
BRDA:4,0,0,1
BRF:1
BRH:1
end_of_record
TN:
SF:app\hooks\useFetchData.ts
FN:4,useFetchData
FN:36,handleSearch
FN:61,handlePageChange
FN:65,throwError
FNF:4
FNH:4
FNDA:36,useFetchData
FNDA:1,handleSearch
FNDA:1,handlePageChange
FNDA:1,throwError
DA:1,1
DA:4,1
DA:5,36
DA:6,36
DA:7,36
DA:8,36
DA:9,36
DA:11,36
DA:12,16
DA:13,16
DA:14,16
DA:15,16
DA:16,13
DA:17,13
DA:18,101
DA:19,101
DA:21,101
DA:22,13
DA:23,13
DA:24,13
DA:25,16
DA:26,5
DA:27,16
DA:28,16
DA:29,16
DA:30,36
DA:32,36
DA:33,8
DA:34,36
DA:36,36
DA:37,1
DA:38,0
DA:39,0
DA:40,0
DA:41,1
DA:42,1
DA:43,1
DA:44,1
DA:45,0
DA:46,0
DA:47,0
DA:48,0
DA:49,0
DA:50,0
DA:51,0
DA:52,0
DA:53,0
DA:54,1
DA:55,1
DA:56,1
DA:57,1
DA:58,1
DA:59,1
DA:61,36
DA:62,1
DA:63,1
DA:65,36
DA:66,1
DA:67,1
DA:69,36
DA:70,36
DA:71,36
DA:72,36
DA:73,36
DA:74,36
DA:75,36
DA:76,36
DA:77,36
DA:78,36
DA:79,36
DA:80,36
LF:71
LH:59
BRDA:4,0,0,36
BRDA:11,1,0,16
BRDA:15,2,0,13
BRDA:25,3,0,5
BRDA:17,4,0,101
BRDA:32,5,0,8
BRDA:36,6,0,1
BRDA:37,7,0,0
BRDA:44,8,0,0
BRDA:61,9,0,1
BRDA:65,10,0,1
BRF:11
BRH:9
end_of_record
TN:
SF:app\hooks\useSearchTerm.ts
FN:3,useSearchTerm
FN:19,addSearchTerm
FNF:2
FNH:2
FNDA:26,useSearchTerm
FNDA:5,addSearchTerm
DA:1,1
DA:3,1
DA:4,26
DA:5,10
DA:6,10
DA:7,10
DA:8,10
DA:9,10
DA:10,0
DA:11,26
DA:13,26
DA:14,14
DA:15,14
DA:16,14
DA:17,26
DA:19,26
DA:20,5
DA:21,5
DA:22,5
DA:23,5
DA:25,26
DA:26,26
DA:28,1
LF:23
LH:22
BRDA:3,0,0,26
BRDA:4,1,0,10
BRDA:7,2,0,5
BRDA:7,3,0,5
BRDA:9,4,0,0
BRDA:13,5,0,14
BRDA:19,6,0,5
BRF:7
BRH:6
end_of_record
TN:
SF:app\routes\_index.tsx
FN:1,(empty-report)
FNF:1
FNH:0
FNDA:0,(empty-report)
DA:1,0
DA:2,0
DA:4,0
DA:5,0
DA:6,0
LF:5
LH:0
BRDA:1,0,0,0
BRF:1
BRH:0
end_of_record
TN:
SF:app\slices\currentPageSlice.ts
FN:18,setPageItems
FNF:1
FNH:1
FNDA:1,setPageItems
DA:1,1
DA:9,1
DA:10,1
DA:11,1
DA:12,1
DA:14,1
DA:15,1
DA:16,1
DA:17,1
DA:18,1
DA:19,1
DA:20,1
DA:21,1
DA:22,1
DA:23,1
DA:25,1
DA:26,1
LF:17
LH:17
BRDA:18,0,0,1
BRF:1
BRH:1
end_of_record
TN:
SF:app\slices\selectedItemsSlice.ts
FN:16,addItem
FN:19,removeItem
FN:24,clearItems
FNF:3
FNH:3
FNDA:4,addItem
FNDA:1,removeItem
FNDA:1,clearItems
DA:1,1
DA:8,1
DA:9,1
DA:10,1
DA:12,1
DA:13,1
DA:14,1
DA:15,1
DA:16,1
DA:17,4
DA:18,4
DA:19,1
DA:20,1
DA:21,1
DA:22,1
DA:23,1
DA:24,1
DA:25,1
DA:26,1
DA:27,1
DA:28,1
DA:30,1
DA:31,1
LF:23
LH:23
BRDA:16,0,0,4
BRDA:19,1,0,1
BRDA:21,2,0,1
BRDA:24,3,0,1
BRF:4
BRH:4
end_of_record
